<?xml version="1.0" encoding="UTF-8"?>
<testsuite xmlns:xsi="http://www.w3.org/2001/XMLSchema-instance" xsi:noNamespaceSchemaLocation="https://maven.apache.org/surefire/maven-surefire-plugin/xsd/surefire-test-report.xsd" name="com.microservices.springcloudconfigserver.SpringCloudConfigServerApplicationTests" time="19.204" tests="1" errors="0" skipped="0" failures="0">
  <properties>
    <property name="sun.desktop" value="windows"/>
    <property name="awt.toolkit" value="sun.awt.windows.WToolkit"/>
    <property name="java.specification.version" value="11"/>
    <property name="sun.cpu.isalist" value="amd64"/>
    <property name="sun.jnu.encoding" value="Cp1252"/>
    <property name="java.class.path" value="C:\Users\PoojaKaushik\Documents\PoojaMicroMS\spring-cloud-config-server\target\test-classes;C:\Users\PoojaKaushik\Documents\PoojaMicroMS\spring-cloud-config-server\target\classes;C:\Users\PoojaKaushik\.m2\repository\org\springframework\cloud\spring-cloud-config-server\2.1.0.RC3\spring-cloud-config-server-2.1.0.RC3.jar;C:\Users\PoojaKaushik\.m2\repository\org\springframework\cloud\spring-cloud-config-client\2.1.0.RC3\spring-cloud-config-client-2.1.0.RC3.jar;C:\Users\PoojaKaushik\.m2\repository\org\springframework\boot\spring-boot-autoconfigure\2.1.3.RELEASE\spring-boot-autoconfigure-2.1.3.RELEASE.jar;C:\Users\PoojaKaushik\.m2\repository\org\springframework\cloud\spring-cloud-commons\2.1.0.RC2\spring-cloud-commons-2.1.0.RC2.jar;C:\Users\PoojaKaushik\.m2\repository\org\springframework\cloud\spring-cloud-context\2.1.0.RC2\spring-cloud-context-2.1.0.RC2.jar;C:\Users\PoojaKaushik\.m2\repository\org\springframework\spring-web\5.1.5.RELEASE\spring-web-5.1.5.RELEASE.jar;C:\Users\PoojaKaushik\.m2\repository\org\springframework\spring-beans\5.1.5.RELEASE\spring-beans-5.1.5.RELEASE.jar;C:\Users\PoojaKaushik\.m2\repository\com\fasterxml\jackson\core\jackson-annotations\2.9.0\jackson-annotations-2.9.0.jar;C:\Users\PoojaKaushik\.m2\repository\com\fasterxml\jackson\core\jackson-databind\2.9.8\jackson-databind-2.9.8.jar;C:\Users\PoojaKaushik\.m2\repository\com\fasterxml\jackson\core\jackson-core\2.9.8\jackson-core-2.9.8.jar;C:\Users\PoojaKaushik\.m2\repository\org\springframework\boot\spring-boot-starter-actuator\2.1.3.RELEASE\spring-boot-starter-actuator-2.1.3.RELEASE.jar;C:\Users\PoojaKaushik\.m2\repository\org\springframework\boot\spring-boot-actuator-autoconfigure\2.1.3.RELEASE\spring-boot-actuator-autoconfigure-2.1.3.RELEASE.jar;C:\Users\PoojaKaushik\.m2\repository\org\springframework\boot\spring-boot-actuator\2.1.3.RELEASE\spring-boot-actuator-2.1.3.RELEASE.jar;C:\Users\PoojaKaushik\.m2\repository\org\springframework\spring-context\5.1.5.RELEASE\spring-context-5.1.5.RELEASE.jar;C:\Users\PoojaKaushik\.m2\repository\com\fasterxml\jackson\datatype\jackson-datatype-jsr310\2.9.8\jackson-datatype-jsr310-2.9.8.jar;C:\Users\PoojaKaushik\.m2\repository\io\micrometer\micrometer-core\1.1.3\micrometer-core-1.1.3.jar;C:\Users\PoojaKaushik\.m2\repository\org\hdrhistogram\HdrHistogram\2.1.9\HdrHistogram-2.1.9.jar;C:\Users\PoojaKaushik\.m2\repository\org\latencyutils\LatencyUtils\2.0.3\LatencyUtils-2.0.3.jar;C:\Users\PoojaKaushik\.m2\repository\org\springframework\boot\spring-boot-starter-web\2.1.3.RELEASE\spring-boot-starter-web-2.1.3.RELEASE.jar;C:\Users\PoojaKaushik\.m2\repository\org\springframework\boot\spring-boot-starter-json\2.1.3.RELEASE\spring-boot-starter-json-2.1.3.RELEASE.jar;C:\Users\PoojaKaushik\.m2\repository\com\fasterxml\jackson\datatype\jackson-datatype-jdk8\2.9.8\jackson-datatype-jdk8-2.9.8.jar;C:\Users\PoojaKaushik\.m2\repository\com\fasterxml\jackson\module\jackson-module-parameter-names\2.9.8\jackson-module-parameter-names-2.9.8.jar;C:\Users\PoojaKaushik\.m2\repository\org\springframework\boot\spring-boot-starter-tomcat\2.1.3.RELEASE\spring-boot-starter-tomcat-2.1.3.RELEASE.jar;C:\Users\PoojaKaushik\.m2\repository\org\apache\tomcat\embed\tomcat-embed-core\9.0.16\tomcat-embed-core-9.0.16.jar;C:\Users\PoojaKaushik\.m2\repository\org\apache\tomcat\embed\tomcat-embed-el\9.0.16\tomcat-embed-el-9.0.16.jar;C:\Users\PoojaKaushik\.m2\repository\org\apache\tomcat\embed\tomcat-embed-websocket\9.0.16\tomcat-embed-websocket-9.0.16.jar;C:\Users\PoojaKaushik\.m2\repository\org\hibernate\validator\hibernate-validator\6.0.14.Final\hibernate-validator-6.0.14.Final.jar;C:\Users\PoojaKaushik\.m2\repository\javax\validation\validation-api\2.0.1.Final\validation-api-2.0.1.Final.jar;C:\Users\PoojaKaushik\.m2\repository\org\jboss\logging\jboss-logging\3.3.2.Final\jboss-logging-3.3.2.Final.jar;C:\Users\PoojaKaushik\.m2\repository\com\fasterxml\classmate\1.4.0\classmate-1.4.0.jar;C:\Users\PoojaKaushik\.m2\repository\org\springframework\spring-webmvc\5.1.5.RELEASE\spring-webmvc-5.1.5.RELEASE.jar;C:\Users\PoojaKaushik\.m2\repository\org\springframework\spring-aop\5.1.5.RELEASE\spring-aop-5.1.5.RELEASE.jar;C:\Users\PoojaKaushik\.m2\repository\org\springframework\spring-expression\5.1.5.RELEASE\spring-expression-5.1.5.RELEASE.jar;C:\Users\PoojaKaushik\.m2\repository\org\springframework\security\spring-security-crypto\5.1.4.RELEASE\spring-security-crypto-5.1.4.RELEASE.jar;C:\Users\PoojaKaushik\.m2\repository\org\springframework\security\spring-security-rsa\1.0.7.RELEASE\spring-security-rsa-1.0.7.RELEASE.jar;C:\Users\PoojaKaushik\.m2\repository\org\bouncycastle\bcpkix-jdk15on\1.60\bcpkix-jdk15on-1.60.jar;C:\Users\PoojaKaushik\.m2\repository\org\bouncycastle\bcprov-jdk15on\1.60\bcprov-jdk15on-1.60.jar;C:\Users\PoojaKaushik\.m2\repository\org\eclipse\jgit\org.eclipse.jgit\5.1.3.201810200350-r\org.eclipse.jgit-5.1.3.201810200350-r.jar;C:\Users\PoojaKaushik\.m2\repository\com\jcraft\jsch\0.1.54\jsch-0.1.54.jar;C:\Users\PoojaKaushik\.m2\repository\com\jcraft\jzlib\1.1.1\jzlib-1.1.1.jar;C:\Users\PoojaKaushik\.m2\repository\com\googlecode\javaewah\JavaEWAH\1.1.6\JavaEWAH-1.1.6.jar;C:\Users\PoojaKaushik\.m2\repository\org\slf4j\slf4j-api\1.7.25\slf4j-api-1.7.25.jar;C:\Users\PoojaKaushik\.m2\repository\org\eclipse\jgit\org.eclipse.jgit.http.apache\5.1.3.201810200350-r\org.eclipse.jgit.http.apache-5.1.3.201810200350-r.jar;C:\Users\PoojaKaushik\.m2\repository\org\apache\httpcomponents\httpclient\4.5.7\httpclient-4.5.7.jar;C:\Users\PoojaKaushik\.m2\repository\commons-codec\commons-codec\1.11\commons-codec-1.11.jar;C:\Users\PoojaKaushik\.m2\repository\org\apache\httpcomponents\httpcore\4.4.11\httpcore-4.4.11.jar;C:\Users\PoojaKaushik\.m2\repository\org\yaml\snakeyaml\1.23\snakeyaml-1.23.jar;C:\Users\PoojaKaushik\.m2\repository\org\springframework\cloud\spring-cloud-starter-bus-amqp\2.1.0.RC3\spring-cloud-starter-bus-amqp-2.1.0.RC3.jar;C:\Users\PoojaKaushik\.m2\repository\org\springframework\cloud\spring-cloud-starter-stream-rabbit\2.1.0.RC4\spring-cloud-starter-stream-rabbit-2.1.0.RC4.jar;C:\Users\PoojaKaushik\.m2\repository\org\springframework\cloud\spring-cloud-stream-binder-rabbit\2.1.0.RC4\spring-cloud-stream-binder-rabbit-2.1.0.RC4.jar;C:\Users\PoojaKaushik\.m2\repository\org\springframework\cloud\spring-cloud-stream-binder-rabbit-core\2.1.0.RC4\spring-cloud-stream-binder-rabbit-core-2.1.0.RC4.jar;C:\Users\PoojaKaushik\.m2\repository\com\rabbitmq\http-client\2.1.0.RELEASE\http-client-2.1.0.RELEASE.jar;C:\Users\PoojaKaushik\.m2\repository\org\springframework\boot\spring-boot-starter-amqp\2.1.3.RELEASE\spring-boot-starter-amqp-2.1.3.RELEASE.jar;C:\Users\PoojaKaushik\.m2\repository\org\springframework\amqp\spring-rabbit\2.1.4.RELEASE\spring-rabbit-2.1.4.RELEASE.jar;C:\Users\PoojaKaushik\.m2\repository\org\springframework\amqp\spring-amqp\2.1.4.RELEASE\spring-amqp-2.1.4.RELEASE.jar;C:\Users\PoojaKaushik\.m2\repository\com\rabbitmq\amqp-client\5.4.3\amqp-client-5.4.3.jar;C:\Users\PoojaKaushik\.m2\repository\org\springframework\integration\spring-integration-amqp\5.1.3.RELEASE\spring-integration-amqp-5.1.3.RELEASE.jar;C:\Users\PoojaKaushik\.m2\repository\org\springframework\integration\spring-integration-jmx\5.1.3.RELEASE\spring-integration-jmx-5.1.3.RELEASE.jar;C:\Users\PoojaKaushik\.m2\repository\org\springframework\cloud\spring-cloud-bus\2.1.0.RC3\spring-cloud-bus-2.1.0.RC3.jar;C:\Users\PoojaKaushik\.m2\repository\org\springframework\cloud\spring-cloud-starter\2.1.0.RC2\spring-cloud-starter-2.1.0.RC2.jar;C:\Users\PoojaKaushik\.m2\repository\org\springframework\cloud\spring-cloud-stream\2.1.0.RC4\spring-cloud-stream-2.1.0.RC4.jar;C:\Users\PoojaKaushik\.m2\repository\org\springframework\boot\spring-boot-starter-validation\2.1.3.RELEASE\spring-boot-starter-validation-2.1.3.RELEASE.jar;C:\Users\PoojaKaushik\.m2\repository\org\springframework\spring-messaging\5.1.5.RELEASE\spring-messaging-5.1.5.RELEASE.jar;C:\Users\PoojaKaushik\.m2\repository\org\springframework\spring-tuple\1.0.0.RELEASE\spring-tuple-1.0.0.RELEASE.jar;C:\Users\PoojaKaushik\.m2\repository\com\esotericsoftware\kryo-shaded\3.0.3\kryo-shaded-3.0.3.jar;C:\Users\PoojaKaushik\.m2\repository\com\esotericsoftware\minlog\1.3.0\minlog-1.3.0.jar;C:\Users\PoojaKaushik\.m2\repository\org\springframework\integration\spring-integration-tuple\1.0.0.RELEASE\spring-integration-tuple-1.0.0.RELEASE.jar;C:\Users\PoojaKaushik\.m2\repository\org\springframework\retry\spring-retry\1.2.4.RELEASE\spring-retry-1.2.4.RELEASE.jar;C:\Users\PoojaKaushik\.m2\repository\org\springframework\cloud\spring-cloud-function-context\2.0.0.RC3\spring-cloud-function-context-2.0.0.RC3.jar;C:\Users\PoojaKaushik\.m2\repository\org\springframework\cloud\spring-cloud-function-core\2.0.0.RC3\spring-cloud-function-core-2.0.0.RC3.jar;C:\Users\PoojaKaushik\.m2\repository\org\springframework\integration\spring-integration-core\5.1.3.RELEASE\spring-integration-core-5.1.3.RELEASE.jar;C:\Users\PoojaKaushik\.m2\repository\org\springframework\spring-tx\5.1.5.RELEASE\spring-tx-5.1.5.RELEASE.jar;C:\Users\PoojaKaushik\.m2\repository\io\projectreactor\reactor-core\3.2.6.RELEASE\reactor-core-3.2.6.RELEASE.jar;C:\Users\PoojaKaushik\.m2\repository\org\reactivestreams\reactive-streams\1.0.2\reactive-streams-1.0.2.jar;C:\Users\PoojaKaushik\.m2\repository\org\springframework\boot\spring-boot-starter-test\2.1.3.RELEASE\spring-boot-starter-test-2.1.3.RELEASE.jar;C:\Users\PoojaKaushik\.m2\repository\org\springframework\boot\spring-boot-starter\2.1.3.RELEASE\spring-boot-starter-2.1.3.RELEASE.jar;C:\Users\PoojaKaushik\.m2\repository\org\springframework\boot\spring-boot\2.1.3.RELEASE\spring-boot-2.1.3.RELEASE.jar;C:\Users\PoojaKaushik\.m2\repository\org\springframework\boot\spring-boot-starter-logging\2.1.3.RELEASE\spring-boot-starter-logging-2.1.3.RELEASE.jar;C:\Users\PoojaKaushik\.m2\repository\ch\qos\logback\logback-classic\1.2.3\logback-classic-1.2.3.jar;C:\Users\PoojaKaushik\.m2\repository\ch\qos\logback\logback-core\1.2.3\logback-core-1.2.3.jar;C:\Users\PoojaKaushik\.m2\repository\org\apache\logging\log4j\log4j-to-slf4j\2.11.2\log4j-to-slf4j-2.11.2.jar;C:\Users\PoojaKaushik\.m2\repository\org\apache\logging\log4j\log4j-api\2.11.2\log4j-api-2.11.2.jar;C:\Users\PoojaKaushik\.m2\repository\org\slf4j\jul-to-slf4j\1.7.25\jul-to-slf4j-1.7.25.jar;C:\Users\PoojaKaushik\.m2\repository\javax\annotation\javax.annotation-api\1.3.2\javax.annotation-api-1.3.2.jar;C:\Users\PoojaKaushik\.m2\repository\org\springframework\boot\spring-boot-test\2.1.3.RELEASE\spring-boot-test-2.1.3.RELEASE.jar;C:\Users\PoojaKaushik\.m2\repository\org\springframework\boot\spring-boot-test-autoconfigure\2.1.3.RELEASE\spring-boot-test-autoconfigure-2.1.3.RELEASE.jar;C:\Users\PoojaKaushik\.m2\repository\com\jayway\jsonpath\json-path\2.4.0\json-path-2.4.0.jar;C:\Users\PoojaKaushik\.m2\repository\net\minidev\json-smart\2.3\json-smart-2.3.jar;C:\Users\PoojaKaushik\.m2\repository\net\minidev\accessors-smart\1.2\accessors-smart-1.2.jar;C:\Users\PoojaKaushik\.m2\repository\org\ow2\asm\asm\5.0.4\asm-5.0.4.jar;C:\Users\PoojaKaushik\.m2\repository\junit\junit\4.12\junit-4.12.jar;C:\Users\PoojaKaushik\.m2\repository\org\assertj\assertj-core\3.11.1\assertj-core-3.11.1.jar;C:\Users\PoojaKaushik\.m2\repository\org\mockito\mockito-core\2.23.4\mockito-core-2.23.4.jar;C:\Users\PoojaKaushik\.m2\repository\net\bytebuddy\byte-buddy\1.9.10\byte-buddy-1.9.10.jar;C:\Users\PoojaKaushik\.m2\repository\net\bytebuddy\byte-buddy-agent\1.9.10\byte-buddy-agent-1.9.10.jar;C:\Users\PoojaKaushik\.m2\repository\org\objenesis\objenesis\2.6\objenesis-2.6.jar;C:\Users\PoojaKaushik\.m2\repository\org\hamcrest\hamcrest-core\1.3\hamcrest-core-1.3.jar;C:\Users\PoojaKaushik\.m2\repository\org\hamcrest\hamcrest-library\1.3\hamcrest-library-1.3.jar;C:\Users\PoojaKaushik\.m2\repository\org\skyscreamer\jsonassert\1.5.0\jsonassert-1.5.0.jar;C:\Users\PoojaKaushik\.m2\repository\com\vaadin\external\google\android-json\0.0.20131108.vaadin1\android-json-0.0.20131108.vaadin1.jar;C:\Users\PoojaKaushik\.m2\repository\org\springframework\spring-core\5.1.5.RELEASE\spring-core-5.1.5.RELEASE.jar;C:\Users\PoojaKaushik\.m2\repository\org\springframework\spring-jcl\5.1.5.RELEASE\spring-jcl-5.1.5.RELEASE.jar;C:\Users\PoojaKaushik\.m2\repository\org\springframework\spring-test\5.1.5.RELEASE\spring-test-5.1.5.RELEASE.jar;C:\Users\PoojaKaushik\.m2\repository\org\xmlunit\xmlunit-core\2.6.2\xmlunit-core-2.6.2.jar;C:\Users\PoojaKaushik\.m2\repository\javax\xml\bind\jaxb-api\2.3.1\jaxb-api-2.3.1.jar;C:\Users\PoojaKaushik\.m2\repository\javax\activation\javax.activation-api\1.2.0\javax.activation-api-1.2.0.jar;"/>
    <property name="java.vm.vendor" value="Oracle Corporation"/>
    <property name="sun.arch.data.model" value="64"/>
    <property name="user.variant" value=""/>
    <property name="java.vendor.url" value="http://java.oracle.com/"/>
    <property name="user.timezone" value="Asia/Calcutta"/>
    <property name="java.vm.specification.version" value="11"/>
    <property name="os.name" value="Windows 10"/>
    <property name="sun.java.launcher" value="SUN_STANDARD"/>
    <property name="user.country" value="US"/>
    <property name="sun.boot.library.path" value="C:\Program Files (x86)\Java\JDK11\bin"/>
    <property name="sun.java.command" value="C:\Users\POOJAK~1\AppData\Local\Temp\surefire327599998468628436\surefirebooter3580759480820872094.jar C:\Users\PoojaKaushik\AppData\Local\Temp\surefire327599998468628436 2020-09-17T23-37-23_960-jvmRun1 surefire2140934556158352606tmp surefire_016187777064766397848tmp"/>
    <property name="jdk.debug" value="release"/>
    <property name="surefire.test.class.path" value="C:\Users\PoojaKaushik\Documents\PoojaMicroMS\spring-cloud-config-server\target\test-classes;C:\Users\PoojaKaushik\Documents\PoojaMicroMS\spring-cloud-config-server\target\classes;C:\Users\PoojaKaushik\.m2\repository\org\springframework\cloud\spring-cloud-config-server\2.1.0.RC3\spring-cloud-config-server-2.1.0.RC3.jar;C:\Users\PoojaKaushik\.m2\repository\org\springframework\cloud\spring-cloud-config-client\2.1.0.RC3\spring-cloud-config-client-2.1.0.RC3.jar;C:\Users\PoojaKaushik\.m2\repository\org\springframework\boot\spring-boot-autoconfigure\2.1.3.RELEASE\spring-boot-autoconfigure-2.1.3.RELEASE.jar;C:\Users\PoojaKaushik\.m2\repository\org\springframework\cloud\spring-cloud-commons\2.1.0.RC2\spring-cloud-commons-2.1.0.RC2.jar;C:\Users\PoojaKaushik\.m2\repository\org\springframework\cloud\spring-cloud-context\2.1.0.RC2\spring-cloud-context-2.1.0.RC2.jar;C:\Users\PoojaKaushik\.m2\repository\org\springframework\spring-web\5.1.5.RELEASE\spring-web-5.1.5.RELEASE.jar;C:\Users\PoojaKaushik\.m2\repository\org\springframework\spring-beans\5.1.5.RELEASE\spring-beans-5.1.5.RELEASE.jar;C:\Users\PoojaKaushik\.m2\repository\com\fasterxml\jackson\core\jackson-annotations\2.9.0\jackson-annotations-2.9.0.jar;C:\Users\PoojaKaushik\.m2\repository\com\fasterxml\jackson\core\jackson-databind\2.9.8\jackson-databind-2.9.8.jar;C:\Users\PoojaKaushik\.m2\repository\com\fasterxml\jackson\core\jackson-core\2.9.8\jackson-core-2.9.8.jar;C:\Users\PoojaKaushik\.m2\repository\org\springframework\boot\spring-boot-starter-actuator\2.1.3.RELEASE\spring-boot-starter-actuator-2.1.3.RELEASE.jar;C:\Users\PoojaKaushik\.m2\repository\org\springframework\boot\spring-boot-actuator-autoconfigure\2.1.3.RELEASE\spring-boot-actuator-autoconfigure-2.1.3.RELEASE.jar;C:\Users\PoojaKaushik\.m2\repository\org\springframework\boot\spring-boot-actuator\2.1.3.RELEASE\spring-boot-actuator-2.1.3.RELEASE.jar;C:\Users\PoojaKaushik\.m2\repository\org\springframework\spring-context\5.1.5.RELEASE\spring-context-5.1.5.RELEASE.jar;C:\Users\PoojaKaushik\.m2\repository\com\fasterxml\jackson\datatype\jackson-datatype-jsr310\2.9.8\jackson-datatype-jsr310-2.9.8.jar;C:\Users\PoojaKaushik\.m2\repository\io\micrometer\micrometer-core\1.1.3\micrometer-core-1.1.3.jar;C:\Users\PoojaKaushik\.m2\repository\org\hdrhistogram\HdrHistogram\2.1.9\HdrHistogram-2.1.9.jar;C:\Users\PoojaKaushik\.m2\repository\org\latencyutils\LatencyUtils\2.0.3\LatencyUtils-2.0.3.jar;C:\Users\PoojaKaushik\.m2\repository\org\springframework\boot\spring-boot-starter-web\2.1.3.RELEASE\spring-boot-starter-web-2.1.3.RELEASE.jar;C:\Users\PoojaKaushik\.m2\repository\org\springframework\boot\spring-boot-starter-json\2.1.3.RELEASE\spring-boot-starter-json-2.1.3.RELEASE.jar;C:\Users\PoojaKaushik\.m2\repository\com\fasterxml\jackson\datatype\jackson-datatype-jdk8\2.9.8\jackson-datatype-jdk8-2.9.8.jar;C:\Users\PoojaKaushik\.m2\repository\com\fasterxml\jackson\module\jackson-module-parameter-names\2.9.8\jackson-module-parameter-names-2.9.8.jar;C:\Users\PoojaKaushik\.m2\repository\org\springframework\boot\spring-boot-starter-tomcat\2.1.3.RELEASE\spring-boot-starter-tomcat-2.1.3.RELEASE.jar;C:\Users\PoojaKaushik\.m2\repository\org\apache\tomcat\embed\tomcat-embed-core\9.0.16\tomcat-embed-core-9.0.16.jar;C:\Users\PoojaKaushik\.m2\repository\org\apache\tomcat\embed\tomcat-embed-el\9.0.16\tomcat-embed-el-9.0.16.jar;C:\Users\PoojaKaushik\.m2\repository\org\apache\tomcat\embed\tomcat-embed-websocket\9.0.16\tomcat-embed-websocket-9.0.16.jar;C:\Users\PoojaKaushik\.m2\repository\org\hibernate\validator\hibernate-validator\6.0.14.Final\hibernate-validator-6.0.14.Final.jar;C:\Users\PoojaKaushik\.m2\repository\javax\validation\validation-api\2.0.1.Final\validation-api-2.0.1.Final.jar;C:\Users\PoojaKaushik\.m2\repository\org\jboss\logging\jboss-logging\3.3.2.Final\jboss-logging-3.3.2.Final.jar;C:\Users\PoojaKaushik\.m2\repository\com\fasterxml\classmate\1.4.0\classmate-1.4.0.jar;C:\Users\PoojaKaushik\.m2\repository\org\springframework\spring-webmvc\5.1.5.RELEASE\spring-webmvc-5.1.5.RELEASE.jar;C:\Users\PoojaKaushik\.m2\repository\org\springframework\spring-aop\5.1.5.RELEASE\spring-aop-5.1.5.RELEASE.jar;C:\Users\PoojaKaushik\.m2\repository\org\springframework\spring-expression\5.1.5.RELEASE\spring-expression-5.1.5.RELEASE.jar;C:\Users\PoojaKaushik\.m2\repository\org\springframework\security\spring-security-crypto\5.1.4.RELEASE\spring-security-crypto-5.1.4.RELEASE.jar;C:\Users\PoojaKaushik\.m2\repository\org\springframework\security\spring-security-rsa\1.0.7.RELEASE\spring-security-rsa-1.0.7.RELEASE.jar;C:\Users\PoojaKaushik\.m2\repository\org\bouncycastle\bcpkix-jdk15on\1.60\bcpkix-jdk15on-1.60.jar;C:\Users\PoojaKaushik\.m2\repository\org\bouncycastle\bcprov-jdk15on\1.60\bcprov-jdk15on-1.60.jar;C:\Users\PoojaKaushik\.m2\repository\org\eclipse\jgit\org.eclipse.jgit\5.1.3.201810200350-r\org.eclipse.jgit-5.1.3.201810200350-r.jar;C:\Users\PoojaKaushik\.m2\repository\com\jcraft\jsch\0.1.54\jsch-0.1.54.jar;C:\Users\PoojaKaushik\.m2\repository\com\jcraft\jzlib\1.1.1\jzlib-1.1.1.jar;C:\Users\PoojaKaushik\.m2\repository\com\googlecode\javaewah\JavaEWAH\1.1.6\JavaEWAH-1.1.6.jar;C:\Users\PoojaKaushik\.m2\repository\org\slf4j\slf4j-api\1.7.25\slf4j-api-1.7.25.jar;C:\Users\PoojaKaushik\.m2\repository\org\eclipse\jgit\org.eclipse.jgit.http.apache\5.1.3.201810200350-r\org.eclipse.jgit.http.apache-5.1.3.201810200350-r.jar;C:\Users\PoojaKaushik\.m2\repository\org\apache\httpcomponents\httpclient\4.5.7\httpclient-4.5.7.jar;C:\Users\PoojaKaushik\.m2\repository\commons-codec\commons-codec\1.11\commons-codec-1.11.jar;C:\Users\PoojaKaushik\.m2\repository\org\apache\httpcomponents\httpcore\4.4.11\httpcore-4.4.11.jar;C:\Users\PoojaKaushik\.m2\repository\org\yaml\snakeyaml\1.23\snakeyaml-1.23.jar;C:\Users\PoojaKaushik\.m2\repository\org\springframework\cloud\spring-cloud-starter-bus-amqp\2.1.0.RC3\spring-cloud-starter-bus-amqp-2.1.0.RC3.jar;C:\Users\PoojaKaushik\.m2\repository\org\springframework\cloud\spring-cloud-starter-stream-rabbit\2.1.0.RC4\spring-cloud-starter-stream-rabbit-2.1.0.RC4.jar;C:\Users\PoojaKaushik\.m2\repository\org\springframework\cloud\spring-cloud-stream-binder-rabbit\2.1.0.RC4\spring-cloud-stream-binder-rabbit-2.1.0.RC4.jar;C:\Users\PoojaKaushik\.m2\repository\org\springframework\cloud\spring-cloud-stream-binder-rabbit-core\2.1.0.RC4\spring-cloud-stream-binder-rabbit-core-2.1.0.RC4.jar;C:\Users\PoojaKaushik\.m2\repository\com\rabbitmq\http-client\2.1.0.RELEASE\http-client-2.1.0.RELEASE.jar;C:\Users\PoojaKaushik\.m2\repository\org\springframework\boot\spring-boot-starter-amqp\2.1.3.RELEASE\spring-boot-starter-amqp-2.1.3.RELEASE.jar;C:\Users\PoojaKaushik\.m2\repository\org\springframework\amqp\spring-rabbit\2.1.4.RELEASE\spring-rabbit-2.1.4.RELEASE.jar;C:\Users\PoojaKaushik\.m2\repository\org\springframework\amqp\spring-amqp\2.1.4.RELEASE\spring-amqp-2.1.4.RELEASE.jar;C:\Users\PoojaKaushik\.m2\repository\com\rabbitmq\amqp-client\5.4.3\amqp-client-5.4.3.jar;C:\Users\PoojaKaushik\.m2\repository\org\springframework\integration\spring-integration-amqp\5.1.3.RELEASE\spring-integration-amqp-5.1.3.RELEASE.jar;C:\Users\PoojaKaushik\.m2\repository\org\springframework\integration\spring-integration-jmx\5.1.3.RELEASE\spring-integration-jmx-5.1.3.RELEASE.jar;C:\Users\PoojaKaushik\.m2\repository\org\springframework\cloud\spring-cloud-bus\2.1.0.RC3\spring-cloud-bus-2.1.0.RC3.jar;C:\Users\PoojaKaushik\.m2\repository\org\springframework\cloud\spring-cloud-starter\2.1.0.RC2\spring-cloud-starter-2.1.0.RC2.jar;C:\Users\PoojaKaushik\.m2\repository\org\springframework\cloud\spring-cloud-stream\2.1.0.RC4\spring-cloud-stream-2.1.0.RC4.jar;C:\Users\PoojaKaushik\.m2\repository\org\springframework\boot\spring-boot-starter-validation\2.1.3.RELEASE\spring-boot-starter-validation-2.1.3.RELEASE.jar;C:\Users\PoojaKaushik\.m2\repository\org\springframework\spring-messaging\5.1.5.RELEASE\spring-messaging-5.1.5.RELEASE.jar;C:\Users\PoojaKaushik\.m2\repository\org\springframework\spring-tuple\1.0.0.RELEASE\spring-tuple-1.0.0.RELEASE.jar;C:\Users\PoojaKaushik\.m2\repository\com\esotericsoftware\kryo-shaded\3.0.3\kryo-shaded-3.0.3.jar;C:\Users\PoojaKaushik\.m2\repository\com\esotericsoftware\minlog\1.3.0\minlog-1.3.0.jar;C:\Users\PoojaKaushik\.m2\repository\org\springframework\integration\spring-integration-tuple\1.0.0.RELEASE\spring-integration-tuple-1.0.0.RELEASE.jar;C:\Users\PoojaKaushik\.m2\repository\org\springframework\retry\spring-retry\1.2.4.RELEASE\spring-retry-1.2.4.RELEASE.jar;C:\Users\PoojaKaushik\.m2\repository\org\springframework\cloud\spring-cloud-function-context\2.0.0.RC3\spring-cloud-function-context-2.0.0.RC3.jar;C:\Users\PoojaKaushik\.m2\repository\org\springframework\cloud\spring-cloud-function-core\2.0.0.RC3\spring-cloud-function-core-2.0.0.RC3.jar;C:\Users\PoojaKaushik\.m2\repository\org\springframework\integration\spring-integration-core\5.1.3.RELEASE\spring-integration-core-5.1.3.RELEASE.jar;C:\Users\PoojaKaushik\.m2\repository\org\springframework\spring-tx\5.1.5.RELEASE\spring-tx-5.1.5.RELEASE.jar;C:\Users\PoojaKaushik\.m2\repository\io\projectreactor\reactor-core\3.2.6.RELEASE\reactor-core-3.2.6.RELEASE.jar;C:\Users\PoojaKaushik\.m2\repository\org\reactivestreams\reactive-streams\1.0.2\reactive-streams-1.0.2.jar;C:\Users\PoojaKaushik\.m2\repository\org\springframework\boot\spring-boot-starter-test\2.1.3.RELEASE\spring-boot-starter-test-2.1.3.RELEASE.jar;C:\Users\PoojaKaushik\.m2\repository\org\springframework\boot\spring-boot-starter\2.1.3.RELEASE\spring-boot-starter-2.1.3.RELEASE.jar;C:\Users\PoojaKaushik\.m2\repository\org\springframework\boot\spring-boot\2.1.3.RELEASE\spring-boot-2.1.3.RELEASE.jar;C:\Users\PoojaKaushik\.m2\repository\org\springframework\boot\spring-boot-starter-logging\2.1.3.RELEASE\spring-boot-starter-logging-2.1.3.RELEASE.jar;C:\Users\PoojaKaushik\.m2\repository\ch\qos\logback\logback-classic\1.2.3\logback-classic-1.2.3.jar;C:\Users\PoojaKaushik\.m2\repository\ch\qos\logback\logback-core\1.2.3\logback-core-1.2.3.jar;C:\Users\PoojaKaushik\.m2\repository\org\apache\logging\log4j\log4j-to-slf4j\2.11.2\log4j-to-slf4j-2.11.2.jar;C:\Users\PoojaKaushik\.m2\repository\org\apache\logging\log4j\log4j-api\2.11.2\log4j-api-2.11.2.jar;C:\Users\PoojaKaushik\.m2\repository\org\slf4j\jul-to-slf4j\1.7.25\jul-to-slf4j-1.7.25.jar;C:\Users\PoojaKaushik\.m2\repository\javax\annotation\javax.annotation-api\1.3.2\javax.annotation-api-1.3.2.jar;C:\Users\PoojaKaushik\.m2\repository\org\springframework\boot\spring-boot-test\2.1.3.RELEASE\spring-boot-test-2.1.3.RELEASE.jar;C:\Users\PoojaKaushik\.m2\repository\org\springframework\boot\spring-boot-test-autoconfigure\2.1.3.RELEASE\spring-boot-test-autoconfigure-2.1.3.RELEASE.jar;C:\Users\PoojaKaushik\.m2\repository\com\jayway\jsonpath\json-path\2.4.0\json-path-2.4.0.jar;C:\Users\PoojaKaushik\.m2\repository\net\minidev\json-smart\2.3\json-smart-2.3.jar;C:\Users\PoojaKaushik\.m2\repository\net\minidev\accessors-smart\1.2\accessors-smart-1.2.jar;C:\Users\PoojaKaushik\.m2\repository\org\ow2\asm\asm\5.0.4\asm-5.0.4.jar;C:\Users\PoojaKaushik\.m2\repository\junit\junit\4.12\junit-4.12.jar;C:\Users\PoojaKaushik\.m2\repository\org\assertj\assertj-core\3.11.1\assertj-core-3.11.1.jar;C:\Users\PoojaKaushik\.m2\repository\org\mockito\mockito-core\2.23.4\mockito-core-2.23.4.jar;C:\Users\PoojaKaushik\.m2\repository\net\bytebuddy\byte-buddy\1.9.10\byte-buddy-1.9.10.jar;C:\Users\PoojaKaushik\.m2\repository\net\bytebuddy\byte-buddy-agent\1.9.10\byte-buddy-agent-1.9.10.jar;C:\Users\PoojaKaushik\.m2\repository\org\objenesis\objenesis\2.6\objenesis-2.6.jar;C:\Users\PoojaKaushik\.m2\repository\org\hamcrest\hamcrest-core\1.3\hamcrest-core-1.3.jar;C:\Users\PoojaKaushik\.m2\repository\org\hamcrest\hamcrest-library\1.3\hamcrest-library-1.3.jar;C:\Users\PoojaKaushik\.m2\repository\org\skyscreamer\jsonassert\1.5.0\jsonassert-1.5.0.jar;C:\Users\PoojaKaushik\.m2\repository\com\vaadin\external\google\android-json\0.0.20131108.vaadin1\android-json-0.0.20131108.vaadin1.jar;C:\Users\PoojaKaushik\.m2\repository\org\springframework\spring-core\5.1.5.RELEASE\spring-core-5.1.5.RELEASE.jar;C:\Users\PoojaKaushik\.m2\repository\org\springframework\spring-jcl\5.1.5.RELEASE\spring-jcl-5.1.5.RELEASE.jar;C:\Users\PoojaKaushik\.m2\repository\org\springframework\spring-test\5.1.5.RELEASE\spring-test-5.1.5.RELEASE.jar;C:\Users\PoojaKaushik\.m2\repository\org\xmlunit\xmlunit-core\2.6.2\xmlunit-core-2.6.2.jar;C:\Users\PoojaKaushik\.m2\repository\javax\xml\bind\jaxb-api\2.3.1\jaxb-api-2.3.1.jar;C:\Users\PoojaKaushik\.m2\repository\javax\activation\javax.activation-api\1.2.0\javax.activation-api-1.2.0.jar;"/>
    <property name="sun.cpu.endian" value="little"/>
    <property name="user.home" value="C:\Users\PoojaKaushik"/>
    <property name="user.language" value="en"/>
    <property name="java.specification.vendor" value="Oracle Corporation"/>
    <property name="java.version.date" value="2020-04-14"/>
    <property name="java.home" value="C:\Program Files (x86)\Java\JDK11"/>
    <property name="file.separator" value="\"/>
    <property name="basedir" value="C:\Users\PoojaKaushik\Documents\PoojaMicroMS\spring-cloud-config-server"/>
    <property name="java.vm.compressedOopsMode" value="32-bit"/>
    <property name="line.separator" value="&#10;"/>
    <property name="java.specification.name" value="Java Platform API Specification"/>
    <property name="java.vm.specification.vendor" value="Oracle Corporation"/>
    <property name="java.awt.graphicsenv" value="sun.awt.Win32GraphicsEnvironment"/>
    <property name="surefire.real.class.path" value="C:\Users\POOJAK~1\AppData\Local\Temp\surefire327599998468628436\surefirebooter3580759480820872094.jar"/>
    <property name="user.script" value=""/>
    <property name="sun.management.compiler" value="HotSpot 64-Bit Tiered Compilers"/>
    <property name="java.runtime.version" value="11.0.7+10-LTS"/>
    <property name="user.name" value="PoojaKaushik"/>
    <property name="path.separator" value=";"/>
    <property name="os.version" value="10.0"/>
    <property name="java.runtime.name" value="OpenJDK Runtime Environment"/>
    <property name="file.encoding" value="Cp1252"/>
    <property name="java.vm.name" value="OpenJDK 64-Bit Server VM"/>
    <property name="java.vendor.version" value="18.9"/>
    <property name="localRepository" value="C:\Users\PoojaKaushik\.m2\repository"/>
    <property name="java.vendor.url.bug" value="http://bugreport.java.com/bugreport/"/>
    <property name="java.io.tmpdir" value="C:\Users\POOJAK~1\AppData\Local\Temp\"/>
    <property name="java.version" value="11.0.7"/>
    <property name="user.dir" value="C:\Users\PoojaKaushik\Documents\PoojaMicroMS\spring-cloud-config-server"/>
    <property name="os.arch" value="amd64"/>
    <property name="SkipTests" value="true"/>
    <property name="java.vm.specification.name" value="Java Virtual Machine Specification"/>
    <property name="java.awt.printerjob" value="sun.awt.windows.WPrinterJob"/>
    <property name="sun.os.patch.level" value=""/>
    <property name="java.library.path" value="C:\Program Files (x86)\Java\JDK11\bin;C:\WINDOWS\Sun\Java\bin;C:\WINDOWS\system32;C:\WINDOWS;C:\Users\PoojaKaushik\bin;C:\Program Files\Git\mingw64\bin;C:\Program Files\Git\usr\local\bin;C:\Program Files\Git\usr\bin;C:\Program Files\Git\usr\bin;C:\Program Files\Git\mingw64\bin;C:\Program Files\Git\usr\bin;C:\Users\PoojaKaushik\bin;C:\ProgramData\Oracle\Java\javapath;C:\WINDOWS\system32;C:\WINDOWS;C:\WINDOWS\System32\Wbem;C:\WINDOWS\System32\WindowsPowerShell\v1.0;C:\Program Files\PuTTY;C:\WINDOWS\System32\OpenSSH;C:\Program Files\Intel\WiFi\bin;C:\Program Files\Common Files\Intel\WirelessCommon;C:\Program Files\CrashPlan\jre\bin\server;C:\Program Files\CrashPlan\jre\bin;C:\Program Files\Git\cmd;C:\Program Files\RedHat\java-1.8.0-openjdk-1.8.0.265-3\bin;C:\Program Files\RedHat\java-1.8.0-openjdk-1.8.0.265-3\jre\bin;C:\Program Files (x86)\Java\jre1.8.0_161\bin;C:\Program Files (x86)\Intel\Intel(R) Management Engine Components\DAL;C:\Program Files\Intel\Intel(R) Management Engine Components\DAL;C:\Users\PoojaKaushik\Documents\PoojaMS\apache-maven-3.6.3-bin\apache-maven-3.6.3\bin;C:\tools\terraform;C:\Program Files\Docker\Docker\resources\bin;C:\ProgramData\DockerDesktop\version-bin;C:\Users\PoojaKaushik\AppData\Local\Microsoft\WindowsApps;C:\Program Files\Intel\WiFi\bin;C:\Program Files\Common Files\Intel\WirelessCommon;C:\Users\PoojaKaushik\Documents\PoojaMS\apache-maven-3.6.3-bin\apache-maven-3.6.3\bin;C:\Program Files\Git\usr\bin\vendor_perl;C:\Program Files\Git\usr\bin\core_perl;."/>
    <property name="java.vendor" value="Oracle Corporation"/>
    <property name="java.vm.info" value="mixed mode"/>
    <property name="java.vm.version" value="11.0.7+10-LTS"/>
    <property name="sun.io.unicode.encoding" value="UnicodeLittle"/>
    <property name="java.class.version" value="55.0"/>
  </properties>
  <testcase name="contextLoads" classname="com.microservices.springcloudconfigserver.SpringCloudConfigServerApplicationTests" time="0.929"/>
</testsuite>